1513171268724	geckodriver	INFO	geckodriver 0.19.1
1513171268757	geckodriver	INFO	Listening on 127.0.0.1:64593
1513171270919	mozrunner::runner	INFO	Running command: "C:\\Program Files (x86)\\Mozilla Firefox\\firefox.exe" "-marionette" "-profile" "C:\\Users\\lacz\\AppData\\Local\\Temp\\rust_mozprofile.4n4XVhM5VwWn"
1513171271572	addons.manager	DEBUG	Application has been upgraded
1513171271623	addons.manager	DEBUG	Loaded provider scope for resource://gre/modules/addons/XPIProvider.jsm: ["XPIProvider", "XPIInternal"]
1513171271628	addons.manager	DEBUG	Loaded provider scope for resource://gre/modules/LightweightThemeManager.jsm: ["LightweightThemeManager"]
1513171271674	addons.manager	DEBUG	Loaded provider scope for resource://gre/modules/addons/GMPProvider.jsm
1513171271678	addons.manager	DEBUG	Loaded provider scope for resource://gre/modules/addons/PluginProvider.jsm
1513171271679	addons.manager	DEBUG	Starting provider: XPIProvider
1513171271679	addons.xpi	DEBUG	startup
1513171271680	addons.xpi	INFO	SystemAddonInstallLocation directory is missing
1513171271680	addons.xpi	INFO	Removing all system add-on upgrades.
1513171271681	addons.xpi	DEBUG	checkForChanges
1513171271682	addons.xpi	DEBUG	Loaded add-on state: ${}
1513171271684	addons.xpi	INFO	Mapping activity-stream@mozilla.org to C:\Program Files (x86)\Mozilla Firefox\browser\features\activity-stream@mozilla.org.xpi
1513171271684	addons.xpi	INFO	Mapping aushelper@mozilla.org to C:\Program Files (x86)\Mozilla Firefox\browser\features\aushelper@mozilla.org.xpi
1513171271685	addons.xpi	INFO	Mapping e10srollout@mozilla.org to C:\Program Files (x86)\Mozilla Firefox\browser\features\e10srollout@mozilla.org.xpi
1513171271685	addons.xpi	INFO	Mapping firefox@getpocket.com to C:\Program Files (x86)\Mozilla Firefox\browser\features\firefox@getpocket.com.xpi
1513171271685	addons.xpi	INFO	Mapping followonsearch@mozilla.com to C:\Program Files (x86)\Mozilla Firefox\browser\features\followonsearch@mozilla.com.xpi
1513171271685	addons.xpi	INFO	Mapping formautofill@mozilla.org to C:\Program Files (x86)\Mozilla Firefox\browser\features\formautofill@mozilla.org.xpi
1513171271685	addons.xpi	INFO	Mapping onboarding@mozilla.org to C:\Program Files (x86)\Mozilla Firefox\browser\features\onboarding@mozilla.org.xpi
1513171271685	addons.xpi	INFO	Mapping screenshots@mozilla.org to C:\Program Files (x86)\Mozilla Firefox\browser\features\screenshots@mozilla.org.xpi
1513171271685	addons.xpi	INFO	Mapping shield-recipe-client@mozilla.org to C:\Program Files (x86)\Mozilla Firefox\browser\features\shield-recipe-client@mozilla.org.xpi
1513171271686	addons.xpi	INFO	Mapping webcompat@mozilla.org to C:\Program Files (x86)\Mozilla Firefox\browser\features\webcompat@mozilla.org.xpi
1513171271687	addons.xpi	DEBUG	New add-on activity-stream@mozilla.org in app-system-defaults
1513171271688	addons.xpi	INFO	Mapping activity-stream@mozilla.org to C:\Program Files (x86)\Mozilla Firefox\browser\features\activity-stream@mozilla.org.xpi
1513171271690	addons.xpi	DEBUG	New add-on aushelper@mozilla.org in app-system-defaults
1513171271691	addons.xpi	INFO	Mapping aushelper@mozilla.org to C:\Program Files (x86)\Mozilla Firefox\browser\features\aushelper@mozilla.org.xpi
1513171271691	addons.xpi	DEBUG	New add-on e10srollout@mozilla.org in app-system-defaults
1513171271692	addons.xpi	INFO	Mapping e10srollout@mozilla.org to C:\Program Files (x86)\Mozilla Firefox\browser\features\e10srollout@mozilla.org.xpi
1513171271693	addons.xpi	DEBUG	New add-on firefox@getpocket.com in app-system-defaults
1513171271693	addons.xpi	INFO	Mapping firefox@getpocket.com to C:\Program Files (x86)\Mozilla Firefox\browser\features\firefox@getpocket.com.xpi
1513171271694	addons.xpi	DEBUG	New add-on followonsearch@mozilla.com in app-system-defaults
1513171271695	addons.xpi	INFO	Mapping followonsearch@mozilla.com to C:\Program Files (x86)\Mozilla Firefox\browser\features\followonsearch@mozilla.com.xpi
1513171271695	addons.xpi	DEBUG	New add-on formautofill@mozilla.org in app-system-defaults
1513171271696	addons.xpi	INFO	Mapping formautofill@mozilla.org to C:\Program Files (x86)\Mozilla Firefox\browser\features\formautofill@mozilla.org.xpi
1513171271696	addons.xpi	DEBUG	New add-on onboarding@mozilla.org in app-system-defaults
1513171271697	addons.xpi	INFO	Mapping onboarding@mozilla.org to C:\Program Files (x86)\Mozilla Firefox\browser\features\onboarding@mozilla.org.xpi
1513171271697	addons.xpi	DEBUG	New add-on screenshots@mozilla.org in app-system-defaults
1513171271697	addons.xpi	INFO	Mapping screenshots@mozilla.org to C:\Program Files (x86)\Mozilla Firefox\browser\features\screenshots@mozilla.org.xpi
1513171271698	addons.xpi	DEBUG	New add-on shield-recipe-client@mozilla.org in app-system-defaults
1513171271698	addons.xpi	INFO	Mapping shield-recipe-client@mozilla.org to C:\Program Files (x86)\Mozilla Firefox\browser\features\shield-recipe-client@mozilla.org.xpi
1513171271698	addons.xpi	DEBUG	New add-on webcompat@mozilla.org in app-system-defaults
1513171271698	addons.xpi	INFO	Mapping webcompat@mozilla.org to C:\Program Files (x86)\Mozilla Firefox\browser\features\webcompat@mozilla.org.xpi
1513171271701	addons.xpi	INFO	Mapping {972ce4c6-7e08-4474-a285-3208198ce6fd} to C:\Program Files (x86)\Mozilla Firefox\browser\extensions\{972ce4c6-7e08-4474-a285-3208198ce6fd}.xpi
1513171271701	addons.xpi	DEBUG	New add-on {972ce4c6-7e08-4474-a285-3208198ce6fd} in app-global
1513171271702	addons.xpi	INFO	Mapping {972ce4c6-7e08-4474-a285-3208198ce6fd} to C:\Program Files (x86)\Mozilla Firefox\browser\extensions\{972ce4c6-7e08-4474-a285-3208198ce6fd}.xpi
1513171271703	addons.xpi	DEBUG	getInstallState changed: true, state: {}
1513171271704	addons.xpi	INFO	SystemAddonInstallLocation directory is missing
1513171271713	addons.xpi-utils	DEBUG	Opening XPI database C:\Users\lacz\AppData\Local\Temp\rust_mozprofile.4n4XVhM5VwWn\extensions.json
1513171271716	addons.xpi-utils	DEBUG	New add-on activity-stream@mozilla.org installed in app-system-defaults
*** Blocklist::_loadBlocklistFromFile: blocklist is disabled
1513171271761	DeferredSave.extensions.json	DEBUG	Save changes
1513171271763	addons.xpi-utils	DEBUG	New add-on aushelper@mozilla.org installed in app-system-defaults
1513171271768	DeferredSave.extensions.json	DEBUG	Starting timer
1513171271770	DeferredSave.extensions.json	DEBUG	Save changes
1513171271771	addons.xpi-utils	DEBUG	New add-on e10srollout@mozilla.org installed in app-system-defaults
1513171271777	DeferredSave.extensions.json	DEBUG	Save changes
1513171271778	addons.xpi-utils	DEBUG	New add-on firefox@getpocket.com installed in app-system-defaults
1513171271788	DeferredSave.extensions.json	DEBUG	Save changes
1513171271788	addons.xpi-utils	DEBUG	New add-on followonsearch@mozilla.com installed in app-system-defaults
1513171271793	DeferredSave.extensions.json	DEBUG	Save changes
1513171271793	addons.xpi-utils	DEBUG	New add-on formautofill@mozilla.org installed in app-system-defaults
1513171271801	DeferredSave.extensions.json	DEBUG	Save changes
1513171271801	addons.xpi-utils	DEBUG	New add-on onboarding@mozilla.org installed in app-system-defaults
1513171271807	DeferredSave.extensions.json	DEBUG	Save changes
1513171271807	addons.xpi-utils	DEBUG	New add-on screenshots@mozilla.org installed in app-system-defaults
1513171271816	DeferredSave.extensions.json	DEBUG	Save changes
1513171271816	addons.xpi-utils	DEBUG	New add-on shield-recipe-client@mozilla.org installed in app-system-defaults
1513171271822	DeferredSave.extensions.json	DEBUG	Save changes
1513171271823	addons.xpi-utils	DEBUG	New add-on webcompat@mozilla.org installed in app-system-defaults
1513171271828	DeferredSave.extensions.json	DEBUG	Save changes
1513171271829	addons.xpi-utils	DEBUG	New add-on {972ce4c6-7e08-4474-a285-3208198ce6fd} installed in app-global
1513171271838	DeferredSave.extensions.json	DEBUG	Save changes
1513171271839	addons.manager	DEBUG	Registering startup change 'installed' for activity-stream@mozilla.org
1513171271855	addons.xpi	DEBUG	Loading bootstrap scope from C:\Program Files (x86)\Mozilla Firefox\browser\features\activity-stream@mozilla.org.xpi
1513171271860	addons.xpi	DEBUG	Calling bootstrap method install on activity-stream@mozilla.org version 2017.11.07.1100-7f4e3634
1513171271860	addons.xpi-utils	DEBUG	Make addon app-system-defaults:activity-stream@mozilla.org visible
1513171271861	addons.xpi	DEBUG	Updating XPIState for {"id":"activity-stream@mozilla.org","syncGUID":"{a911fb20-f0aa-4a0f-b00f-c558d37266b2}","location":"app-system-defaults","version":"2017.11.07.1100-7f4e3634","type":"extension","internalName":null,"updateURL":null,"updateKey":null,"optionsURL":null,"optionsType":null,"aboutURL":null,"defaultLocale":{"name":"Activity Stream","description":"A rich visual history feed and a reimagined home page make it easier than ever to find exactly what you're looking for in Firefox.","creator":null,"homepageURL":null},"visible":true,"active":false,"userDisabled":false,"appDisabled":false,"installDate":1513157063510,"updateDate":1513157063510,"applyBackgroundUpdates":1,"bootstrap":true,"path":"C:\\Program Files (x86)\\Mozilla Firefox\\browser\\features\\activity-stream@mozilla.org.xpi","skinnable":false,"size":1423182,"sourceURI":null,"releaseNotesURI":null,"softDisabled":false,"foreignInstall":false,"hasBinaryComponents":false,"strictCompatibility":false,"locales":[],"targetApplications":[{"id":"{ec8030f7-c20a-464f-9b0e-13a3a9e97384}","minVersion":"57.0.2","maxVersion":"57.*"}],"targetPlatforms":[],"multiprocessCompatible":true,"seen":true,"dependencies":[],"hasEmbeddedWebExtension":false,"mpcOptedOut":false,"userPermissions":null,"icons":{},"iconURL":null,"icon64URL":null,"blocklistState":0,"blocklistURL":null}
1513171271864	DeferredSave.extensions.json	DEBUG	Save changes
1513171271864	addons.manager	DEBUG	Registering startup change 'installed' for aushelper@mozilla.org
1513171271865	addons.xpi	DEBUG	Loading bootstrap scope from C:\Program Files (x86)\Mozilla Firefox\browser\features\aushelper@mozilla.org.xpi
1513171271870	addons.xpi	DEBUG	Calling bootstrap method install on aushelper@mozilla.org version 2.0
1513171271870	addons.xpi-utils	DEBUG	Make addon app-system-defaults:aushelper@mozilla.org visible
1513171271870	addons.xpi	DEBUG	Updating XPIState for {"id":"aushelper@mozilla.org","syncGUID":"{9d5ab6b6-2020-42c8-b8dd-12f71bacde42}","location":"app-system-defaults","version":"2.0","type":"extension","internalName":null,"updateURL":null,"updateKey":null,"optionsURL":null,"optionsType":null,"aboutURL":null,"defaultLocale":{"name":"Application Update Service Helper","description":"Sets value(s) in the update url based on custom checks.","creator":null,"homepageURL":null},"visible":true,"active":false,"userDisabled":false,"appDisabled":false,"installDate":1513157063485,"updateDate":1513157063485,"applyBackgroundUpdates":1,"bootstrap":true,"path":"C:\\Program Files (x86)\\Mozilla Firefox\\browser\\features\\aushelper@mozilla.org.xpi","skinnable":false,"size":8488,"sourceURI":null,"releaseNotesURI":null,"softDisabled":false,"foreignInstall":false,"hasBinaryComponents":false,"strictCompatibility":false,"locales":[],"targetApplications":[{"id":"{ec8030f7-c20a-464f-9b0e-13a3a9e97384}","minVersion":"57.0.2","maxVersion":"57.*"}],"targetPlatforms":[],"multiprocessCompatible":true,"seen":true,"dependencies":[],"hasEmbeddedWebExtension":false,"mpcOptedOut":false,"userPermissions":null,"icons":{},"iconURL":null,"icon64URL":null,"blocklistState":0,"blocklistURL":null}
1513171271871	DeferredSave.extensions.json	DEBUG	Save changes
1513171271871	addons.manager	DEBUG	Registering startup change 'installed' for e10srollout@mozilla.org
1513171271872	addons.xpi	DEBUG	Loading bootstrap scope from C:\Program Files (x86)\Mozilla Firefox\browser\features\e10srollout@mozilla.org.xpi
1513171271893	addons.xpi	DEBUG	Calling bootstrap method install on e10srollout@mozilla.org version 3.05
1513171271895	addons.xpi-utils	DEBUG	Make addon app-system-defaults:e10srollout@mozilla.org visible
1513171271896	addons.xpi	DEBUG	Updating XPIState for {"id":"e10srollout@mozilla.org","syncGUID":"{e0e3dc90-1da6-469b-8fe4-adc3a3d46330}","location":"app-system-defaults","version":"3.05","type":"extension","internalName":null,"updateURL":null,"updateKey":null,"optionsURL":null,"optionsType":null,"aboutURL":null,"defaultLocale":{"name":"Multi-process staged rollout","description":"Staged rollout of Firefox multi-process feature.","creator":null,"homepageURL":null},"visible":true,"active":false,"userDisabled":false,"appDisabled":false,"installDate":1513157063475,"updateDate":1513157063475,"applyBackgroundUpdates":1,"bootstrap":true,"path":"C:\\Program Files (x86)\\Mozilla Firefox\\browser\\features\\e10srollout@mozilla.org.xpi","skinnable":false,"size":13479,"sourceURI":null,"releaseNotesURI":null,"softDisabled":false,"foreignInstall":false,"hasBinaryComponents":false,"strictCompatibility":false,"locales":[],"targetApplications":[{"id":"{ec8030f7-c20a-464f-9b0e-13a3a9e97384}","minVersion":"57.0.2","maxVersion":"57.*"}],"targetPlatforms":[],"multiprocessCompatible":true,"seen":true,"dependencies":[],"hasEmbeddedWebExtension":false,"mpcOptedOut":false,"userPermissions":null,"icons":{},"iconURL":null,"icon64URL":null,"blocklistState":0,"blocklistURL":null}
1513171271896	DeferredSave.extensions.json	DEBUG	Save changes
1513171271897	addons.manager	DEBUG	Registering startup change 'installed' for firefox@getpocket.com
1513171271898	addons.xpi	DEBUG	Loading bootstrap scope from C:\Program Files (x86)\Mozilla Firefox\browser\features\firefox@getpocket.com.xpi
1513171271907	addons.xpi	DEBUG	Calling bootstrap method install on firefox@getpocket.com version 1.0.5
1513171271908	addons.xpi-utils	DEBUG	Make addon app-system-defaults:firefox@getpocket.com visible
1513171271908	addons.xpi	DEBUG	Updating XPIState for {"id":"firefox@getpocket.com","syncGUID":"{13388ce6-1158-42d2-8522-01977717e465}","location":"app-system-defaults","version":"1.0.5","type":"extension","internalName":null,"updateURL":null,"updateKey":null,"optionsURL":null,"optionsType":null,"aboutURL":null,"defaultLocale":{"name":"Pocket","description":"When you find something you want to view later, put it in Pocket.","creator":null,"homepageURL":null},"visible":true,"active":false,"userDisabled":false,"appDisabled":false,"installDate":1513157063466,"updateDate":1513157063466,"applyBackgroundUpdates":1,"bootstrap":true,"path":"C:\\Program Files (x86)\\Mozilla Firefox\\browser\\features\\firefox@getpocket.com.xpi","skinnable":false,"size":914808,"sourceURI":null,"releaseNotesURI":null,"softDisabled":false,"foreignInstall":false,"hasBinaryComponents":false,"strictCompatibility":false,"locales":[],"targetApplications":[{"id":"{ec8030f7-c20a-464f-9b0e-13a3a9e97384}","minVersion":"57.0.2","maxVersion":"57.*"}],"targetPlatforms":[],"multiprocessCompatible":true,"seen":true,"dependencies":[],"hasEmbeddedWebExtension":false,"mpcOptedOut":false,"userPermissions":null,"icons":{},"iconURL":null,"icon64URL":null,"blocklistState":0,"blocklistURL":null}
1513171271909	DeferredSave.extensions.json	DEBUG	Save changes
1513171271909	addons.manager	DEBUG	Registering startup change 'installed' for followonsearch@mozilla.com
1513171271910	addons.xpi	DEBUG	Loading bootstrap scope from C:\Program Files (x86)\Mozilla Firefox\browser\features\followonsearch@mozilla.com.xpi
1513171271913	addons.xpi	DEBUG	Calling bootstrap method install on followonsearch@mozilla.com version 0.9.6
1513171271914	addons.xpi-utils	DEBUG	Make addon app-system-defaults:followonsearch@mozilla.com visible
1513171271914	addons.xpi	DEBUG	Updating XPIState for {"id":"followonsearch@mozilla.com","syncGUID":"{87ee1ee1-9316-4c67-8873-d0a57c919305}","location":"app-system-defaults","version":"0.9.6","type":"extension","internalName":null,"updateURL":null,"updateKey":null,"optionsURL":null,"optionsType":null,"aboutURL":null,"defaultLocale":{"name":"Follow-on Search Telemetry","description":null,"creator":null,"homepageURL":null},"visible":true,"active":false,"userDisabled":false,"appDisabled":false,"installDate":1511783277558,"updateDate":1511783277558,"applyBackgroundUpdates":1,"bootstrap":true,"path":"C:\\Program Files (x86)\\Mozilla Firefox\\browser\\features\\followonsearch@mozilla.com.xpi","skinnable":false,"size":18625,"sourceURI":null,"releaseNotesURI":null,"softDisabled":false,"foreignInstall":false,"hasBinaryComponents":false,"strictCompatibility":false,"locales":[],"targetApplications":[{"id":"{ec8030f7-c20a-464f-9b0e-13a3a9e97384}","minVersion":"52.0","maxVersion":"59.*"}],"targetPlatforms":[],"multiprocessCompatible":true,"seen":true,"dependencies":[],"hasEmbeddedWebExtension":false,"mpcOptedOut":false,"userPermissions":null,"icons":{},"iconURL":null,"icon64URL":null,"blocklistState":0,"blocklistURL":null}
1513171271915	DeferredSave.extensions.json	DEBUG	Save changes
1513171271915	addons.manager	DEBUG	Registering startup change 'installed' for formautofill@mozilla.org
1513171271916	addons.xpi	DEBUG	Loading bootstrap scope from C:\Program Files (x86)\Mozilla Firefox\browser\features\formautofill@mozilla.org.xpi
1513171271920	addons.xpi	DEBUG	Calling bootstrap method install on formautofill@mozilla.org version 1.0
1513171271920	addons.xpi-utils	DEBUG	Make addon app-system-defaults:formautofill@mozilla.org visible
1513171271920	addons.xpi	DEBUG	Updating XPIState for {"id":"formautofill@mozilla.org","syncGUID":"{b1045a93-ebac-4563-bc0a-861945749569}","location":"app-system-defaults","version":"1.0","type":"extension","internalName":null,"updateURL":null,"updateKey":null,"optionsURL":null,"optionsType":null,"aboutURL":null,"defaultLocale":{"name":"Form Autofill","description":"Autofill forms with saved profiles","creator":null,"homepageURL":null},"visible":true,"active":false,"userDisabled":false,"appDisabled":false,"installDate":1513157063443,"updateDate":1513157063443,"applyBackgroundUpdates":1,"bootstrap":true,"path":"C:\\Program Files (x86)\\Mozilla Firefox\\browser\\features\\formautofill@mozilla.org.xpi","skinnable":false,"size":380181,"sourceURI":null,"releaseNotesURI":null,"softDisabled":false,"foreignInstall":false,"hasBinaryComponents":false,"strictCompatibility":false,"locales":[],"targetApplications":[{"id":"{ec8030f7-c20a-464f-9b0e-13a3a9e97384}","minVersion":"57.0.2","maxVersion":"57.*"}],"targetPlatforms":[],"multiprocessCompatible":true,"seen":true,"dependencies":[],"hasEmbeddedWebExtension":false,"mpcOptedOut":false,"userPermissions":null,"icons":{},"iconURL":null,"icon64URL":null,"blocklistState":0,"blocklistURL":null}
1513171271921	DeferredSave.extensions.json	DEBUG	Save changes
1513171271921	addons.manager	DEBUG	Registering startup change 'installed' for onboarding@mozilla.org
1513171271922	addons.xpi	DEBUG	Loading bootstrap scope from C:\Program Files (x86)\Mozilla Firefox\browser\features\onboarding@mozilla.org.xpi
1513171271927	addons.xpi	DEBUG	Calling bootstrap method install on onboarding@mozilla.org version 1.0
1513171271927	addons.xpi-utils	DEBUG	Make addon app-system-defaults:onboarding@mozilla.org visible
1513171271928	addons.xpi	DEBUG	Updating XPIState for {"id":"onboarding@mozilla.org","syncGUID":"{21d65943-1c90-4c09-b848-c10f377f9284}","location":"app-system-defaults","version":"1.0","type":"extension","internalName":null,"updateURL":null,"updateKey":null,"optionsURL":null,"optionsType":null,"aboutURL":null,"defaultLocale":{"name":"Photon onboarding","description":"Photon onboarding","creator":null,"homepageURL":null},"visible":true,"active":false,"userDisabled":false,"appDisabled":false,"installDate":1513157063428,"updateDate":1513157063428,"applyBackgroundUpdates":1,"bootstrap":true,"path":"C:\\Program Files (x86)\\Mozilla Firefox\\browser\\features\\onboarding@mozilla.org.xpi","skinnable":false,"size":550106,"sourceURI":null,"releaseNotesURI":null,"softDisabled":false,"foreignInstall":false,"hasBinaryComponents":false,"strictCompatibility":false,"locales":[],"targetApplications":[{"id":"{ec8030f7-c20a-464f-9b0e-13a3a9e97384}","minVersion":"57.0.2","maxVersion":"57.*"}],"targetPlatforms":[],"multiprocessCompatible":true,"seen":true,"dependencies":[],"hasEmbeddedWebExtension":false,"mpcOptedOut":false,"userPermissions":null,"icons":{},"iconURL":null,"icon64URL":null,"blocklistState":0,"blocklistURL":null}
1513171271928	DeferredSave.extensions.json	DEBUG	Save changes
1513171271928	addons.manager	DEBUG	Registering startup change 'installed' for screenshots@mozilla.org
1513171271929	addons.xpi	DEBUG	Loading bootstrap scope from C:\Program Files (x86)\Mozilla Firefox\browser\features\screenshots@mozilla.org.xpi
1513171271934	addons.xpi	DEBUG	Calling bootstrap method install on screenshots@mozilla.org version 19.2.0
1513171271934	addons.xpi-utils	DEBUG	Make addon app-system-defaults:screenshots@mozilla.org visible
1513171271934	addons.xpi	DEBUG	Updating XPIState for {"id":"screenshots@mozilla.org","syncGUID":"{b514b1fc-2ebd-4ed7-b666-402120000a69}","location":"app-system-defaults","version":"19.2.0","type":"extension","internalName":null,"updateURL":null,"updateKey":null,"optionsURL":null,"optionsType":null,"aboutURL":null,"defaultLocale":{"name":"Firefox Screenshots","description":null,"creator":null,"homepageURL":"https://screenshots.firefox.com/"},"visible":true,"active":false,"userDisabled":false,"appDisabled":false,"installDate":1511783277481,"updateDate":1511783277481,"applyBackgroundUpdates":1,"bootstrap":true,"path":"C:\\Program Files (x86)\\Mozilla Firefox\\browser\\features\\screenshots@mozilla.org.xpi","skinnable":false,"size":884473,"sourceURI":null,"releaseNotesURI":null,"softDisabled":false,"foreignInstall":false,"hasBinaryComponents":false,"strictCompatibility":false,"locales":[],"targetApplications":[{"id":"{ec8030f7-c20a-464f-9b0e-13a3a9e97384}","minVersion":"57.0a1","maxVersion":"*"}],"targetPlatforms":[],"multiprocessCompatible":true,"seen":true,"dependencies":[],"hasEmbeddedWebExtension":false,"mpcOptedOut":false,"userPermissions":null,"icons":{},"iconURL":null,"icon64URL":null,"blocklistState":0,"blocklistURL":null}
1513171271935	DeferredSave.extensions.json	DEBUG	Save changes
1513171271936	addons.manager	DEBUG	Registering startup change 'installed' for shield-recipe-client@mozilla.org
1513171271936	addons.xpi	DEBUG	Loading bootstrap scope from C:\Program Files (x86)\Mozilla Firefox\browser\features\shield-recipe-client@mozilla.org.xpi
1513171271945	addons.xpi	DEBUG	Calling bootstrap method install on shield-recipe-client@mozilla.org version 76.1
1513171271945	addons.xpi-utils	DEBUG	Make addon app-system-defaults:shield-recipe-client@mozilla.org visible
1513171271946	addons.xpi	DEBUG	Updating XPIState for {"id":"shield-recipe-client@mozilla.org","syncGUID":"{b41ddce9-39c4-4473-8338-e4282714f6d1}","location":"app-system-defaults","version":"76.1","type":"extension","internalName":null,"updateURL":null,"updateKey":null,"optionsURL":null,"optionsType":null,"aboutURL":null,"defaultLocale":{"name":"Shield Recipe Client","description":"Client to download and run recipes for SHIELD, Heartbeat, etc.","creator":null,"homepageURL":null},"visible":true,"active":false,"userDisabled":false,"appDisabled":false,"installDate":1513157063410,"updateDate":1513157063410,"applyBackgroundUpdates":1,"bootstrap":true,"path":"C:\\Program Files (x86)\\Mozilla Firefox\\browser\\features\\shield-recipe-client@mozilla.org.xpi","skinnable":false,"size":364002,"sourceURI":null,"releaseNotesURI":null,"softDisabled":false,"foreignInstall":false,"hasBinaryComponents":false,"strictCompatibility":false,"locales":[],"targetApplications":[{"id":"{ec8030f7-c20a-464f-9b0e-13a3a9e97384}","minVersion":"57.0.2","maxVersion":"57.*"}],"targetPlatforms":[],"multiprocessCompatible":true,"seen":true,"dependencies":[],"hasEmbeddedWebExtension":false,"mpcOptedOut":false,"userPermissions":null,"icons":{},"iconURL":null,"icon64URL":null,"blocklistState":0,"blocklistURL":null}
1513171271946	DeferredSave.extensions.json	DEBUG	Save changes
1513171271947	addons.manager	DEBUG	Registering startup change 'installed' for webcompat@mozilla.org
1513171271947	addons.xpi	DEBUG	Loading bootstrap scope from C:\Program Files (x86)\Mozilla Firefox\browser\features\webcompat@mozilla.org.xpi
1513171271953	addons.xpi	DEBUG	Calling bootstrap method install on webcompat@mozilla.org version 1.1
1513171271953	addons.xpi-utils	DEBUG	Make addon app-system-defaults:webcompat@mozilla.org visible
1513171271953	addons.xpi	DEBUG	Updating XPIState for {"id":"webcompat@mozilla.org","syncGUID":"{8e09694e-fa16-41b1-9fcd-936d1c4b1ed3}","location":"app-system-defaults","version":"1.1","type":"extension","internalName":null,"updateURL":null,"updateKey":null,"optionsURL":null,"optionsType":null,"aboutURL":null,"defaultLocale":{"name":"Web Compat","description":"Urgent post-release fixes for web compatibility.","creator":null,"homepageURL":null},"visible":true,"active":false,"userDisabled":false,"appDisabled":false,"installDate":1513157063395,"updateDate":1513157063395,"applyBackgroundUpdates":1,"bootstrap":true,"path":"C:\\Program Files (x86)\\Mozilla Firefox\\browser\\features\\webcompat@mozilla.org.xpi","skinnable":false,"size":9268,"sourceURI":null,"releaseNotesURI":null,"softDisabled":false,"foreignInstall":false,"hasBinaryComponents":false,"strictCompatibility":false,"locales":[],"targetApplications":[{"id":"{ec8030f7-c20a-464f-9b0e-13a3a9e97384}","minVersion":"57.0.2","maxVersion":"57.*"}],"targetPlatforms":[],"multiprocessCompatible":true,"seen":true,"dependencies":[],"hasEmbeddedWebExtension":false,"mpcOptedOut":false,"userPermissions":null,"icons":{},"iconURL":null,"icon64URL":null,"blocklistState":0,"blocklistURL":null}
1513171271954	DeferredSave.extensions.json	DEBUG	Save changes
1513171271955	addons.xpi-utils	DEBUG	Make addon app-global:{972ce4c6-7e08-4474-a285-3208198ce6fd} visible
1513171271955	addons.xpi	DEBUG	Updating XPIState for {"id":"{972ce4c6-7e08-4474-a285-3208198ce6fd}","syncGUID":"{703eb39b-4e26-4189-916f-2f44e5228091}","location":"app-global","version":"57.0.2","type":"theme","internalName":"classic/1.0","updateURL":null,"updateKey":null,"optionsURL":null,"optionsType":null,"optionsBrowserStyle":null,"aboutURL":null,"defaultLocale":{"name":"Default","description":"The default theme.","creator":"Mozilla","homepageURL":null,"contributors":["Mozilla Contributors"]},"visible":true,"active":false,"userDisabled":false,"appDisabled":false,"installDate":1513157063522,"updateDate":1513157063522,"applyBackgroundUpdates":1,"path":"C:\\Program Files (x86)\\Mozilla Firefox\\browser\\extensions\\{972ce4c6-7e08-4474-a285-3208198ce6fd}.xpi","skinnable":true,"size":3354,"sourceURI":null,"releaseNotesURI":null,"softDisabled":false,"foreignInstall":false,"hasBinaryComponents":false,"strictCompatibility":true,"locales":[],"targetApplications":[{"id":"{ec8030f7-c20a-464f-9b0e-13a3a9e97384}","minVersion":"57.0.2","maxVersion":"57.0.2"}],"targetPlatforms":[],"seen":true,"dependencies":[],"hasEmbeddedWebExtension":false,"userPermissions":null,"icons":{},"iconURL":"chrome://browser/content/default-theme-icon.svg","icon64URL":null,"blocklistState":0,"blocklistURL":null}
1513171271956	DeferredSave.extensions.json	DEBUG	Save changes
1513171271957	addons.xpi	DEBUG	Updating XPIState for {"id":"activity-stream@mozilla.org","syncGUID":"{a911fb20-f0aa-4a0f-b00f-c558d37266b2}","location":"app-system-defaults","version":"2017.11.07.1100-7f4e3634","type":"extension","internalName":null,"updateURL":null,"updateKey":null,"optionsURL":null,"optionsType":null,"aboutURL":null,"defaultLocale":{"name":"Activity Stream","description":"A rich visual history feed and a reimagined home page make it easier than ever to find exactly what you're looking for in Firefox.","creator":null,"homepageURL":null},"visible":true,"active":true,"userDisabled":false,"appDisabled":false,"installDate":1513157063510,"updateDate":1513157063510,"applyBackgroundUpdates":1,"bootstrap":true,"path":"C:\\Program Files (x86)\\Mozilla Firefox\\browser\\features\\activity-stream@mozilla.org.xpi","skinnable":false,"size":1423182,"sourceURI":null,"releaseNotesURI":null,"softDisabled":false,"foreignInstall":false,"hasBinaryComponents":false,"strictCompatibility":false,"locales":[],"targetApplications":[{"id":"{ec8030f7-c20a-464f-9b0e-13a3a9e97384}","minVersion":"57.0.2","maxVersion":"57.*"}],"targetPlatforms":[],"multiprocessCompatible":true,"seen":true,"dependencies":[],"hasEmbeddedWebExtension":false,"mpcOptedOut":false,"userPermissions":null,"icons":{},"iconURL":null,"icon64URL":null,"blocklistState":0,"blocklistURL":null}
1513171271958	addons.xpi	DEBUG	Updating XPIState for {"id":"aushelper@mozilla.org","syncGUID":"{9d5ab6b6-2020-42c8-b8dd-12f71bacde42}","location":"app-system-defaults","version":"2.0","type":"extension","internalName":null,"updateURL":null,"updateKey":null,"optionsURL":null,"optionsType":null,"aboutURL":null,"defaultLocale":{"name":"Application Update Service Helper","description":"Sets value(s) in the update url based on custom checks.","creator":null,"homepageURL":null},"visible":true,"active":true,"userDisabled":false,"appDisabled":false,"installDate":1513157063485,"updateDate":1513157063485,"applyBackgroundUpdates":1,"bootstrap":true,"path":"C:\\Program Files (x86)\\Mozilla Firefox\\browser\\features\\aushelper@mozilla.org.xpi","skinnable":false,"size":8488,"sourceURI":null,"releaseNotesURI":null,"softDisabled":false,"foreignInstall":false,"hasBinaryComponents":false,"strictCompatibility":false,"locales":[],"targetApplications":[{"id":"{ec8030f7-c20a-464f-9b0e-13a3a9e97384}","minVersion":"57.0.2","maxVersion":"57.*"}],"targetPlatforms":[],"multiprocessCompatible":true,"seen":true,"dependencies":[],"hasEmbeddedWebExtension":false,"mpcOptedOut":false,"userPermissions":null,"icons":{},"iconURL":null,"icon64URL":null,"blocklistState":0,"blocklistURL":null}
1513171271958	addons.xpi	DEBUG	Updating XPIState for {"id":"e10srollout@mozilla.org","syncGUID":"{e0e3dc90-1da6-469b-8fe4-adc3a3d46330}","location":"app-system-defaults","version":"3.05","type":"extension","internalName":null,"updateURL":null,"updateKey":null,"optionsURL":null,"optionsType":null,"aboutURL":null,"defaultLocale":{"name":"Multi-process staged rollout","description":"Staged rollout of Firefox multi-process feature.","creator":null,"homepageURL":null},"visible":true,"active":true,"userDisabled":false,"appDisabled":false,"installDate":1513157063475,"updateDate":1513157063475,"applyBackgroundUpdates":1,"bootstrap":true,"path":"C:\\Program Files (x86)\\Mozilla Firefox\\browser\\features\\e10srollout@mozilla.org.xpi","skinnable":false,"size":13479,"sourceURI":null,"releaseNotesURI":null,"softDisabled":false,"foreignInstall":false,"hasBinaryComponents":false,"strictCompatibility":false,"locales":[],"targetApplications":[{"id":"{ec8030f7-c20a-464f-9b0e-13a3a9e97384}","minVersion":"57.0.2","maxVersion":"57.*"}],"targetPlatforms":[],"multiprocessCompatible":true,"seen":true,"dependencies":[],"hasEmbeddedWebExtension":false,"mpcOptedOut":false,"userPermissions":null,"icons":{},"iconURL":null,"icon64URL":null,"blocklistState":0,"blocklistURL":null}
1513171271958	addons.xpi	DEBUG	Updating XPIState for {"id":"firefox@getpocket.com","syncGUID":"{13388ce6-1158-42d2-8522-01977717e465}","location":"app-system-defaults","version":"1.0.5","type":"extension","internalName":null,"updateURL":null,"updateKey":null,"optionsURL":null,"optionsType":null,"aboutURL":null,"defaultLocale":{"name":"Pocket","description":"When you find something you want to view later, put it in Pocket.","creator":null,"homepageURL":null},"visible":true,"active":true,"userDisabled":false,"appDisabled":false,"installDate":1513157063466,"updateDate":1513157063466,"applyBackgroundUpdates":1,"bootstrap":true,"path":"C:\\Program Files (x86)\\Mozilla Firefox\\browser\\features\\firefox@getpocket.com.xpi","skinnable":false,"size":914808,"sourceURI":null,"releaseNotesURI":null,"softDisabled":false,"foreignInstall":false,"hasBinaryComponents":false,"strictCompatibility":false,"locales":[],"targetApplications":[{"id":"{ec8030f7-c20a-464f-9b0e-13a3a9e97384}","minVersion":"57.0.2","maxVersion":"57.*"}],"targetPlatforms":[],"multiprocessCompatible":true,"seen":true,"dependencies":[],"hasEmbeddedWebExtension":false,"mpcOptedOut":false,"userPermissions":null,"icons":{},"iconURL":null,"icon64URL":null,"blocklistState":0,"blocklistURL":null}
1513171271959	addons.xpi	DEBUG	Updating XPIState for {"id":"followonsearch@mozilla.com","syncGUID":"{87ee1ee1-9316-4c67-8873-d0a57c919305}","location":"app-system-defaults","version":"0.9.6","type":"extension","internalName":null,"updateURL":null,"updateKey":null,"optionsURL":null,"optionsType":null,"aboutURL":null,"defaultLocale":{"name":"Follow-on Search Telemetry","description":null,"creator":null,"homepageURL":null},"visible":true,"active":true,"userDisabled":false,"appDisabled":false,"installDate":1511783277558,"updateDate":1511783277558,"applyBackgroundUpdates":1,"bootstrap":true,"path":"C:\\Program Files (x86)\\Mozilla Firefox\\browser\\features\\followonsearch@mozilla.com.xpi","skinnable":false,"size":18625,"sourceURI":null,"releaseNotesURI":null,"softDisabled":false,"foreignInstall":false,"hasBinaryComponents":false,"strictCompatibility":false,"locales":[],"targetApplications":[{"id":"{ec8030f7-c20a-464f-9b0e-13a3a9e97384}","minVersion":"52.0","maxVersion":"59.*"}],"targetPlatforms":[],"multiprocessCompatible":true,"seen":true,"dependencies":[],"hasEmbeddedWebExtension":false,"mpcOptedOut":false,"userPermissions":null,"icons":{},"iconURL":null,"icon64URL":null,"blocklistState":0,"blocklistURL":null}
1513171271959	addons.xpi	DEBUG	Updating XPIState for {"id":"formautofill@mozilla.org","syncGUID":"{b1045a93-ebac-4563-bc0a-861945749569}","location":"app-system-defaults","version":"1.0","type":"extension","internalName":null,"updateURL":null,"updateKey":null,"optionsURL":null,"optionsType":null,"aboutURL":null,"defaultLocale":{"name":"Form Autofill","description":"Autofill forms with saved profiles","creator":null,"homepageURL":null},"visible":true,"active":true,"userDisabled":false,"appDisabled":false,"installDate":1513157063443,"updateDate":1513157063443,"applyBackgroundUpdates":1,"bootstrap":true,"path":"C:\\Program Files (x86)\\Mozilla Firefox\\browser\\features\\formautofill@mozilla.org.xpi","skinnable":false,"size":380181,"sourceURI":null,"releaseNotesURI":null,"softDisabled":false,"foreignInstall":false,"hasBinaryComponents":false,"strictCompatibility":false,"locales":[],"targetApplications":[{"id":"{ec8030f7-c20a-464f-9b0e-13a3a9e97384}","minVersion":"57.0.2","maxVersion":"57.*"}],"targetPlatforms":[],"multiprocessCompatible":true,"seen":true,"dependencies":[],"hasEmbeddedWebExtension":false,"mpcOptedOut":false,"userPermissions":null,"icons":{},"iconURL":null,"icon64URL":null,"blocklistState":0,"blocklistURL":null}
1513171271959	addons.xpi	DEBUG	Updating XPIState for {"id":"onboarding@mozilla.org","syncGUID":"{21d65943-1c90-4c09-b848-c10f377f9284}","location":"app-system-defaults","version":"1.0","type":"extension","internalName":null,"updateURL":null,"updateKey":null,"optionsURL":null,"optionsType":null,"aboutURL":null,"defaultLocale":{"name":"Photon onboarding","description":"Photon onboarding","creator":null,"homepageURL":null},"visible":true,"active":true,"userDisabled":false,"appDisabled":false,"installDate":1513157063428,"updateDate":1513157063428,"applyBackgroundUpdates":1,"bootstrap":true,"path":"C:\\Program Files (x86)\\Mozilla Firefox\\browser\\features\\onboarding@mozilla.org.xpi","skinnable":false,"size":550106,"sourceURI":null,"releaseNotesURI":null,"softDisabled":false,"foreignInstall":false,"hasBinaryComponents":false,"strictCompatibility":false,"locales":[],"targetApplications":[{"id":"{ec8030f7-c20a-464f-9b0e-13a3a9e97384}","minVersion":"57.0.2","maxVersion":"57.*"}],"targetPlatforms":[],"multiprocessCompatible":true,"seen":true,"dependencies":[],"hasEmbeddedWebExtension":false,"mpcOptedOut":false,"userPermissions":null,"icons":{},"iconURL":null,"icon64URL":null,"blocklistState":0,"blocklistURL":null}
1513171271959	addons.xpi	DEBUG	Updating XPIState for {"id":"screenshots@mozilla.org","syncGUID":"{b514b1fc-2ebd-4ed7-b666-402120000a69}","location":"app-system-defaults","version":"19.2.0","type":"extension","internalName":null,"updateURL":null,"updateKey":null,"optionsURL":null,"optionsType":null,"aboutURL":null,"defaultLocale":{"name":"Firefox Screenshots","description":null,"creator":null,"homepageURL":"https://screenshots.firefox.com/"},"visible":true,"active":true,"userDisabled":false,"appDisabled":false,"installDate":1511783277481,"updateDate":1511783277481,"applyBackgroundUpdates":1,"bootstrap":true,"path":"C:\\Program Files (x86)\\Mozilla Firefox\\browser\\features\\screenshots@mozilla.org.xpi","skinnable":false,"size":884473,"sourceURI":null,"releaseNotesURI":null,"softDisabled":false,"foreignInstall":false,"hasBinaryComponents":false,"strictCompatibility":false,"locales":[],"targetApplications":[{"id":"{ec8030f7-c20a-464f-9b0e-13a3a9e97384}","minVersion":"57.0a1","maxVersion":"*"}],"targetPlatforms":[],"multiprocessCompatible":true,"seen":true,"dependencies":[],"hasEmbeddedWebExtension":false,"mpcOptedOut":false,"userPermissions":null,"icons":{},"iconURL":null,"icon64URL":null,"blocklistState":0,"blocklistURL":null}
1513171271959	addons.xpi	DEBUG	Updating XPIState for {"id":"shield-recipe-client@mozilla.org","syncGUID":"{b41ddce9-39c4-4473-8338-e4282714f6d1}","location":"app-system-defaults","version":"76.1","type":"extension","internalName":null,"updateURL":null,"updateKey":null,"optionsURL":null,"optionsType":null,"aboutURL":null,"defaultLocale":{"name":"Shield Recipe Client","description":"Client to download and run recipes for SHIELD, Heartbeat, etc.","creator":null,"homepageURL":null},"visible":true,"active":true,"userDisabled":false,"appDisabled":false,"installDate":1513157063410,"updateDate":1513157063410,"applyBackgroundUpdates":1,"bootstrap":true,"path":"C:\\Program Files (x86)\\Mozilla Firefox\\browser\\features\\shield-recipe-client@mozilla.org.xpi","skinnable":false,"size":364002,"sourceURI":null,"releaseNotesURI":null,"softDisabled":false,"foreignInstall":false,"hasBinaryComponents":false,"strictCompatibility":false,"locales":[],"targetApplications":[{"id":"{ec8030f7-c20a-464f-9b0e-13a3a9e97384}","minVersion":"57.0.2","maxVersion":"57.*"}],"targetPlatforms":[],"multiprocessCompatible":true,"seen":true,"dependencies":[],"hasEmbeddedWebExtension":false,"mpcOptedOut":false,"userPermissions":null,"icons":{},"iconURL":null,"icon64URL":null,"blocklistState":0,"blocklistURL":null}
1513171271960	addons.xpi	DEBUG	Updating XPIState for {"id":"webcompat@mozilla.org","syncGUID":"{8e09694e-fa16-41b1-9fcd-936d1c4b1ed3}","location":"app-system-defaults","version":"1.1","type":"extension","internalName":null,"updateURL":null,"updateKey":null,"optionsURL":null,"optionsType":null,"aboutURL":null,"defaultLocale":{"name":"Web Compat","description":"Urgent post-release fixes for web compatibility.","creator":null,"homepageURL":null},"visible":true,"active":true,"userDisabled":false,"appDisabled":false,"installDate":1513157063395,"updateDate":1513157063395,"applyBackgroundUpdates":1,"bootstrap":true,"path":"C:\\Program Files (x86)\\Mozilla Firefox\\browser\\features\\webcompat@mozilla.org.xpi","skinnable":false,"size":9268,"sourceURI":null,"releaseNotesURI":null,"softDisabled":false,"foreignInstall":false,"hasBinaryComponents":false,"strictCompatibility":false,"locales":[],"targetApplications":[{"id":"{ec8030f7-c20a-464f-9b0e-13a3a9e97384}","minVersion":"57.0.2","maxVersion":"57.*"}],"targetPlatforms":[],"multiprocessCompatible":true,"seen":true,"dependencies":[],"hasEmbeddedWebExtension":false,"mpcOptedOut":false,"userPermissions":null,"icons":{},"iconURL":null,"icon64URL":null,"blocklistState":0,"blocklistURL":null}
1513171271960	addons.xpi	DEBUG	Updating XPIState for {"id":"{972ce4c6-7e08-4474-a285-3208198ce6fd}","syncGUID":"{703eb39b-4e26-4189-916f-2f44e5228091}","location":"app-global","version":"57.0.2","type":"theme","internalName":"classic/1.0","updateURL":null,"updateKey":null,"optionsURL":null,"optionsType":null,"optionsBrowserStyle":null,"aboutURL":null,"defaultLocale":{"name":"Default","description":"The default theme.","creator":"Mozilla","homepageURL":null,"contributors":["Mozilla Contributors"]},"visible":true,"active":true,"userDisabled":false,"appDisabled":false,"installDate":1513157063522,"updateDate":1513157063522,"applyBackgroundUpdates":1,"path":"C:\\Program Files (x86)\\Mozilla Firefox\\browser\\extensions\\{972ce4c6-7e08-4474-a285-3208198ce6fd}.xpi","skinnable":true,"size":3354,"sourceURI":null,"releaseNotesURI":null,"softDisabled":false,"foreignInstall":false,"hasBinaryComponents":false,"strictCompatibility":true,"locales":[],"targetApplications":[{"id":"{ec8030f7-c20a-464f-9b0e-13a3a9e97384}","minVersion":"57.0.2","maxVersion":"57.0.2"}],"targetPlatforms":[],"seen":true,"dependencies":[],"hasEmbeddedWebExtension":false,"userPermissions":null,"icons":{},"iconURL":"chrome://browser/content/default-theme-icon.svg","icon64URL":null,"blocklistState":0,"blocklistURL":null}
1513171271960	DeferredSave.extensions.json	DEBUG	Save changes
1513171271960	addons.xpi	DEBUG	Updating database with changes to installed add-ons
1513171271960	addons.xpi-utils	DEBUG	Updating add-on states
1513171271969	addons.xpi	DEBUG	Registering manifest for C:\Program Files (x86)\Mozilla Firefox\browser\features\activity-stream@mozilla.org.xpi
1513171271970	addons.xpi	DEBUG	Calling bootstrap method startup on activity-stream@mozilla.org version 2017.11.07.1100-7f4e3634
1513171271971	addons.xpi	DEBUG	Registering manifest for C:\Program Files (x86)\Mozilla Firefox\browser\features\aushelper@mozilla.org.xpi
1513171271972	addons.xpi	DEBUG	Calling bootstrap method startup on aushelper@mozilla.org version 2.0
1513171271975	addons.xpi	DEBUG	Registering manifest for C:\Program Files (x86)\Mozilla Firefox\browser\features\e10srollout@mozilla.org.xpi
1513171271976	addons.xpi	DEBUG	Calling bootstrap method startup on e10srollout@mozilla.org version 3.05
1513171271977	addons.xpi	DEBUG	Registering manifest for C:\Program Files (x86)\Mozilla Firefox\browser\features\firefox@getpocket.com.xpi
1513171271979	addons.xpi	DEBUG	Calling bootstrap method startup on firefox@getpocket.com version 1.0.5
1513171271999	addons.xpi	DEBUG	Registering manifest for C:\Program Files (x86)\Mozilla Firefox\browser\features\followonsearch@mozilla.com.xpi
1513171272000	addons.xpi	DEBUG	Calling bootstrap method startup on followonsearch@mozilla.com version 0.9.6
1513171272001	addons.xpi	DEBUG	Registering manifest for C:\Program Files (x86)\Mozilla Firefox\browser\features\formautofill@mozilla.org.xpi
1513171272002	addons.xpi	DEBUG	Calling bootstrap method startup on formautofill@mozilla.org version 1.0
1513171272003	addons.xpi	DEBUG	Registering manifest for C:\Program Files (x86)\Mozilla Firefox\browser\features\onboarding@mozilla.org.xpi
1513171272003	addons.xpi	DEBUG	Calling bootstrap method startup on onboarding@mozilla.org version 1.0
1513171272004	addons.xpi	DEBUG	Registering manifest for C:\Program Files (x86)\Mozilla Firefox\browser\features\screenshots@mozilla.org.xpi
1513171272005	addons.xpi	DEBUG	Calling bootstrap method startup on screenshots@mozilla.org version 19.2.0
1513171272006	addons.xpi	DEBUG	Registering manifest for C:\Program Files (x86)\Mozilla Firefox\browser\features\shield-recipe-client@mozilla.org.xpi
1513171272007	addons.xpi	DEBUG	Calling bootstrap method startup on shield-recipe-client@mozilla.org version 76.1
1513171272018	addons.xpi	DEBUG	Registering manifest for C:\Program Files (x86)\Mozilla Firefox\browser\features\webcompat@mozilla.org.xpi
1513171272019	addons.xpi	DEBUG	Calling bootstrap method startup on webcompat@mozilla.org version 1.1
1513171272024	addons.manager	DEBUG	Registering shutdown blocker for XPIProvider
1513171272024	addons.manager	DEBUG	Provider finished startup: XPIProvider
1513171272024	addons.manager	DEBUG	Starting provider: LightweightThemeManager
1513171272024	addons.manager	DEBUG	Registering shutdown blocker for LightweightThemeManager
1513171272025	addons.manager	DEBUG	Provider finished startup: LightweightThemeManager
1513171272025	addons.manager	DEBUG	Starting provider: GMPProvider
1513171272045	addons.manager	DEBUG	Registering shutdown blocker for GMPProvider
1513171272045	addons.manager	DEBUG	Provider finished startup: GMPProvider
1513171272045	addons.manager	DEBUG	Starting provider: PluginProvider
1513171272045	addons.manager	DEBUG	Registering shutdown blocker for PluginProvider
1513171272046	addons.manager	DEBUG	Provider finished startup: PluginProvider
1513171272046	addons.manager	DEBUG	Completed startup sequence
1513171272336	Marionette	INFO	Enabled via --marionette
1513171272614	addons.manager	DEBUG	Starting provider: PreviousExperimentProvider
1513171272615	addons.manager	DEBUG	Registering shutdown blocker for PreviousExperimentProvider
1513171272615	addons.manager	DEBUG	Provider finished startup: PreviousExperimentProvider
1513171274202	DeferredSave.extensions.json	DEBUG	Starting write
Unable to read VR Path Registry from C:\Users\lacz\AppData\Local\openvr\openvrpaths.vrpath
[Child 62668, Chrome_ChildThread] WARNING: pipe error: 109: file z:/build/build/src/ipc/chromium/src/chrome/common/ipc_channel_win.cc, line 346
[Child 62668, Chrome_ChildThread] WARNING: pipe error: 109: file z:/build/build/src/ipc/chromium/src/chrome/common/ipc_channel_win.cc, line 346
1513171274259	DeferredSave.webext.sc.lz4	DEBUG	Save changes
1513171274259	DeferredSave.webext.sc.lz4	DEBUG	Starting timer
1513171274465	DeferredSave.webext.sc.lz4	DEBUG	Save changes
1513171274559	DeferredSave.webext.sc.lz4	DEBUG	Save changes
1513171274560	DeferredSave.webext.sc.lz4	DEBUG	Save changes
1513171274560	DeferredSave.webext.sc.lz4	DEBUG	Save changes
1513171274561	DeferredSave.webext.sc.lz4	DEBUG	Save changes
1513171274563	DeferredSave.webext.sc.lz4	DEBUG	Save changes
1513171274565	DeferredSave.webext.sc.lz4	DEBUG	Save changes
1513171274566	DeferredSave.webext.sc.lz4	DEBUG	Save changes
1513171274567	DeferredSave.webext.sc.lz4	DEBUG	Save changes
1513171274568	DeferredSave.webext.sc.lz4	DEBUG	Save changes
1513171274569	DeferredSave.webext.sc.lz4	DEBUG	Save changes
1513171274570	DeferredSave.webext.sc.lz4	DEBUG	Save changes
1513171274570	DeferredSave.webext.sc.lz4	DEBUG	Save changes
1513171274572	DeferredSave.webext.sc.lz4	DEBUG	Save changes
1513171274573	DeferredSave.webext.sc.lz4	DEBUG	Save changes
1513171274574	DeferredSave.webext.sc.lz4	DEBUG	Save changes
1513171274574	DeferredSave.webext.sc.lz4	DEBUG	Save changes
1513171274576	DeferredSave.webext.sc.lz4	DEBUG	Save changes
1513171274577	DeferredSave.webext.sc.lz4	DEBUG	Save changes
1513171274578	DeferredSave.webext.sc.lz4	DEBUG	Save changes
1513171274579	DeferredSave.webext.sc.lz4	DEBUG	Save changes
1513171274581	DeferredSave.webext.sc.lz4	DEBUG	Save changes
1513171274582	DeferredSave.webext.sc.lz4	DEBUG	Save changes
1513171274587	DeferredSave.webext.sc.lz4	DEBUG	Save changes
1513171274587	DeferredSave.webext.sc.lz4	DEBUG	Save changes
1513171274589	DeferredSave.webext.sc.lz4	DEBUG	Save changes
1513171274590	DeferredSave.webext.sc.lz4	DEBUG	Save changes
1513171274590	DeferredSave.webext.sc.lz4	DEBUG	Save changes
1513171274591	DeferredSave.webext.sc.lz4	DEBUG	Save changes
1513171274591	DeferredSave.webext.sc.lz4	DEBUG	Save changes
1513171274592	DeferredSave.webext.sc.lz4	DEBUG	Save changes
1513171274593	DeferredSave.webext.sc.lz4	DEBUG	Save changes
1513171274595	DeferredSave.webext.sc.lz4	DEBUG	Save changes
1513171274596	DeferredSave.webext.sc.lz4	DEBUG	Save changes
1513171274597	DeferredSave.webext.sc.lz4	DEBUG	Save changes
1513171274598	DeferredSave.webext.sc.lz4	DEBUG	Save changes
1513171274599	DeferredSave.webext.sc.lz4	DEBUG	Save changes
1513171274600	DeferredSave.webext.sc.lz4	DEBUG	Save changes
1513171274601	DeferredSave.webext.sc.lz4	DEBUG	Save changes
1513171274602	DeferredSave.webext.sc.lz4	DEBUG	Save changes
1513171274602	DeferredSave.webext.sc.lz4	DEBUG	Save changes
1513171274603	DeferredSave.webext.sc.lz4	DEBUG	Save changes
1513171274605	DeferredSave.webext.sc.lz4	DEBUG	Save changes
1513171274606	DeferredSave.webext.sc.lz4	DEBUG	Save changes
1513171274607	DeferredSave.webext.sc.lz4	DEBUG	Save changes
1513171274609	DeferredSave.webext.sc.lz4	DEBUG	Save changes
1513171274609	DeferredSave.webext.sc.lz4	DEBUG	Save changes
1513171274611	DeferredSave.webext.sc.lz4	DEBUG	Save changes
1513171274614	DeferredSave.webext.sc.lz4	DEBUG	Save changes
1513171274615	DeferredSave.webext.sc.lz4	DEBUG	Save changes
1513171274617	DeferredSave.webext.sc.lz4	DEBUG	Save changes
1513171274620	DeferredSave.extensions.json	DEBUG	Write succeeded
1513171274621	addons.xpi-utils	DEBUG	XPI Database saved, setting schema version preference to 23
1513171274628	DeferredSave.webext.sc.lz4	DEBUG	Save changes
1513171274680	DeferredSave.webext.sc.lz4	DEBUG	Save changes
1513171274682	DeferredSave.webext.sc.lz4	DEBUG	Save changes
1513171274916	addons.xpi	INFO	Mapping activity-stream@mozilla.org to C:\Program Files (x86)\Mozilla Firefox\browser\features\activity-stream@mozilla.org.xpi
1513171274916	addons.xpi	INFO	Mapping aushelper@mozilla.org to C:\Program Files (x86)\Mozilla Firefox\browser\features\aushelper@mozilla.org.xpi
1513171274916	addons.xpi	INFO	Mapping e10srollout@mozilla.org to C:\Program Files (x86)\Mozilla Firefox\browser\features\e10srollout@mozilla.org.xpi
1513171274917	addons.xpi	INFO	Mapping firefox@getpocket.com to C:\Program Files (x86)\Mozilla Firefox\browser\features\firefox@getpocket.com.xpi
1513171274917	addons.xpi	INFO	Mapping followonsearch@mozilla.com to C:\Program Files (x86)\Mozilla Firefox\browser\features\followonsearch@mozilla.com.xpi
1513171274917	addons.xpi	INFO	Mapping formautofill@mozilla.org to C:\Program Files (x86)\Mozilla Firefox\browser\features\formautofill@mozilla.org.xpi
1513171274917	addons.xpi	INFO	Mapping onboarding@mozilla.org to C:\Program Files (x86)\Mozilla Firefox\browser\features\onboarding@mozilla.org.xpi
1513171274917	addons.xpi	INFO	Mapping screenshots@mozilla.org to C:\Program Files (x86)\Mozilla Firefox\browser\features\screenshots@mozilla.org.xpi
1513171274917	addons.xpi	INFO	Mapping shield-recipe-client@mozilla.org to C:\Program Files (x86)\Mozilla Firefox\browser\features\shield-recipe-client@mozilla.org.xpi
1513171274917	addons.xpi	INFO	Mapping webcompat@mozilla.org to C:\Program Files (x86)\Mozilla Firefox\browser\features\webcompat@mozilla.org.xpi
1513171274918	addons.xpi	DEBUG	Existing add-on activity-stream@mozilla.org in app-system-defaults
1513171274919	addons.xpi	DEBUG	Existing add-on aushelper@mozilla.org in app-system-defaults
1513171274919	addons.xpi	DEBUG	Existing add-on e10srollout@mozilla.org in app-system-defaults
1513171274920	addons.xpi	DEBUG	Existing add-on firefox@getpocket.com in app-system-defaults
1513171274920	addons.xpi	DEBUG	Existing add-on followonsearch@mozilla.com in app-system-defaults
1513171274921	addons.xpi	DEBUG	Existing add-on formautofill@mozilla.org in app-system-defaults
1513171274921	addons.xpi	DEBUG	Existing add-on onboarding@mozilla.org in app-system-defaults
1513171274921	addons.xpi	DEBUG	Existing add-on screenshots@mozilla.org in app-system-defaults
1513171274921	addons.xpi	DEBUG	Existing add-on shield-recipe-client@mozilla.org in app-system-defaults
1513171274922	addons.xpi	DEBUG	Existing add-on webcompat@mozilla.org in app-system-defaults
1513171274923	addons.xpi	INFO	Mapping {972ce4c6-7e08-4474-a285-3208198ce6fd} to C:\Program Files (x86)\Mozilla Firefox\browser\extensions\{972ce4c6-7e08-4474-a285-3208198ce6fd}.xpi
1513171274924	addons.xpi	DEBUG	Existing add-on {972ce4c6-7e08-4474-a285-3208198ce6fd} in app-global
1513171274924	addons.xpi	DEBUG	getInstallState changed: false, state: {}
1513171275325	Marionette	INFO	Listening on port 64599
1513171276296	Marionette	WARN	TLS certificate errors will be ignored for this session
1513171276681	Marionette	DEBUG	Register listener.js for window 4294967297
1513171276859	Marionette	DEBUG	Received DOM event "beforeunload" for "about:blank"
1513171277735	Marionette	DEBUG	Received DOM event "pagehide" for "about:blank"
1513171277736	Marionette	DEBUG	Received DOM event "unload" for "about:blank"
1513171279290	DeferredSave.webext.sc.lz4	DEBUG	Starting write
1513171279382	DeferredSave.webext.sc.lz4	DEBUG	Write succeeded
1513171280266	Marionette	DEBUG	Received DOM event "DOMContentLoaded" for "http://monitoring.krakow.pios.gov.pl/dane-pomiarowe/automatyczne/parametr/pm2.5/stacje/202-242-211-1911/dzienny/21.06.2017"
1513171280347	Marionette	DEBUG	Received DOM event "pageshow" for "http://monitoring.krakow.pios.gov.pl/dane-pomiarowe/automatyczne/parametr/pm2.5/stacje/202-242-211-1911/dzienny/21.06.2017"
1513171282740	Marionette	DEBUG	Canceled page load listener because no navigation has been detected
1513171282962	Marionette	DEBUG	Received DOM event "beforeunload" for "http://monitoring.krakow.pios.gov.pl/dane-pomiarowe/automatyczne/parametr/pm2.5/stacje/202-242-211-1911/dzienny/21.06.2017"
1513171283799	Marionette	DEBUG	Received DOM event "pagehide" for "http://monitoring.krakow.pios.gov.pl/dane-pomiarowe/automatyczne/parametr/pm2.5/stacje/202-242-211-1911/dzienny/21.06.2017"
1513171283800	Marionette	DEBUG	Received DOM event "unload" for "http://monitoring.krakow.pios.gov.pl/dane-pomiarowe/automatyczne/parametr/pm2.5/stacje/202-242-211-1911/dzienny/21.06.2017"
1513171285970	Marionette	DEBUG	Received DOM event "DOMContentLoaded" for "http://monitoring.krakow.pios.gov.pl/dane-pomiarowe/automatyczne/parametr/pm2.5/stacje/202-242-211-1911/dzienny/22.06.2017"
1513171286480	Marionette	DEBUG	Received DOM event "pageshow" for "http://monitoring.krakow.pios.gov.pl/dane-pomiarowe/automatyczne/parametr/pm2.5/stacje/202-242-211-1911/dzienny/22.06.2017"
1513171288819	Marionette	DEBUG	Canceled page load listener because no navigation has been detected
1513171288910	Marionette	DEBUG	Received DOM event "beforeunload" for "http://monitoring.krakow.pios.gov.pl/dane-pomiarowe/automatyczne/parametr/pm2.5/stacje/202-242-211-1911/dzienny/22.06.2017"
1513171289560	Marionette	DEBUG	Received DOM event "pagehide" for "http://monitoring.krakow.pios.gov.pl/dane-pomiarowe/automatyczne/parametr/pm2.5/stacje/202-242-211-1911/dzienny/22.06.2017"
1513171289562	Marionette	DEBUG	Received DOM event "unload" for "http://monitoring.krakow.pios.gov.pl/dane-pomiarowe/automatyczne/parametr/pm2.5/stacje/202-242-211-1911/dzienny/22.06.2017"
1513171290574	Marionette	DEBUG	Received DOM event "DOMContentLoaded" for "http://monitoring.krakow.pios.gov.pl/dane-pomiarowe/automatyczne/parametr/pm2.5/stacje/202-242-211-1911/dzienny/23.06.2017"
1513171290976	Marionette	DEBUG	Received DOM event "pageshow" for "http://monitoring.krakow.pios.gov.pl/dane-pomiarowe/automatyczne/parametr/pm2.5/stacje/202-242-211-1911/dzienny/23.06.2017"
1513171293303	Marionette	DEBUG	Canceled page load listener because no navigation has been detected
1513171293336	Marionette	DEBUG	Received DOM event "beforeunload" for "http://monitoring.krakow.pios.gov.pl/dane-pomiarowe/automatyczne/parametr/pm2.5/stacje/202-242-211-1911/dzienny/23.06.2017"
1513171294048	Marionette	DEBUG	Received DOM event "pagehide" for "http://monitoring.krakow.pios.gov.pl/dane-pomiarowe/automatyczne/parametr/pm2.5/stacje/202-242-211-1911/dzienny/23.06.2017"
1513171294049	Marionette	DEBUG	Received DOM event "unload" for "http://monitoring.krakow.pios.gov.pl/dane-pomiarowe/automatyczne/parametr/pm2.5/stacje/202-242-211-1911/dzienny/23.06.2017"
1513171295023	Marionette	DEBUG	Received DOM event "DOMContentLoaded" for "http://monitoring.krakow.pios.gov.pl/dane-pomiarowe/automatyczne/parametr/pm2.5/stacje/202-242-211-1911/dzienny/24.06.2017"
1513171295631	Marionette	DEBUG	Received DOM event "pageshow" for "http://monitoring.krakow.pios.gov.pl/dane-pomiarowe/automatyczne/parametr/pm2.5/stacje/202-242-211-1911/dzienny/24.06.2017"
acje/202-242-211-1911/dzienny/24.06.2017"
1513170178563	Marionette	DEBUG	Received DOM event "pageshow" for "http://monitoring.krakow.pios.gov.pl/dane-pomiarowe/automatyczne/parametr/pm2.5/stacje/202-242-211-1911/dzienny/24.06.2017"
1513170180884	Marionette	DEBUG	Canceled page load listener because no navigation has been detected
1513170181009	Marionette	DEBUG	Received DOM event "beforeunload" for "http://monitoring.krakow.pios.gov.pl/dane-pomiarowe/automatyczne/parametr/pm2.5/stacje/202-242-211-1911/dzienny/24.06.2017"
1513170181781	Marionette	DEBUG	Received DOM event "pagehide" for "http://monitoring.krakow.pios.gov.pl/dane-pomiarowe/automatyczne/parametr/pm2.5/stacje/202-242-211-1911/dzienny/24.06.2017"
1513170181782	Marionette	DEBUG	Received DOM event "unload" for "http://monitoring.krakow.pios.gov.pl/dane-pomiarowe/automatyczne/parametr/pm2.5/stacje/202-242-211-1911/dzienny/24.06.2017"
1513170183073	Marionette	DEBUG	Received DOM event "DOMContentLoaded" for "http://monitoring.krakow.pios.gov.pl/dane-pomiarowe/automatyczne/parametr/pm2.5/stacje/202-242-211-1911/dzienny/25.06.2017"
1513170183553	Marionette	DEBUG	Received DOM event "pageshow" for "http://monitoring.krakow.pios.gov.pl/dane-pomiarowe/automatyczne/parametr/pm2.5/stacje/202-242-211-1911/dzienny/25.06.2017"
1513170185928	Marionette	DEBUG	Canceled page load listener because no navigation has been detected
1513170186083	Marionette	DEBUG	Received DOM event "beforeunload" for "http://monitoring.krakow.pios.gov.pl/dane-pomiarowe/automatyczne/parametr/pm2.5/stacje/202-242-211-1911/dzienny/25.06.2017"
1513170186789	Marionette	DEBUG	Received DOM event "pagehide" for "http://monitoring.krakow.pios.gov.pl/dane-pomiarowe/automatyczne/parametr/pm2.5/stacje/202-242-211-1911/dzienny/25.06.2017"
1513170186791	Marionette	DEBUG	Received DOM event "unload" for "http://monitoring.krakow.pios.gov.pl/dane-pomiarowe/automatyczne/parametr/pm2.5/stacje/202-242-211-1911/dzienny/25.06.2017"
1513170187795	Marionette	DEBUG	Received DOM event "DOMContentLoaded" for "http://monitoring.krakow.pios.gov.pl/dane-pomiarowe/automatyczne/parametr/pm2.5/stacje/202-242-211-1911/dzienny/26.06.2017"
1513170188204	Marionette	DEBUG	Received DOM event "pageshow" for "http://monitoring.krakow.pios.gov.pl/dane-pomiarowe/automatyczne/parametr/pm2.5/stacje/202-242-211-1911/dzienny/26.06.2017"
1513170190517	Marionette	DEBUG	Canceled page load listener because no navigation has been detected
1513170190588	Marionette	DEBUG	Received DOM event "beforeunload" for "http://monitoring.krakow.pios.gov.pl/dane-pomiarowe/automatyczne/parametr/pm2.5/stacje/202-242-211-1911/dzienny/26.06.2017"
1513170191319	Marionette	DEBUG	Received DOM event "pagehide" for "http://monitoring.krakow.pios.gov.pl/dane-pomiarowe/automatyczne/parametr/pm2.5/stacje/202-242-211-1911/dzienny/26.06.2017"
1513170191321	Marionette	DEBUG	Received DOM event "unload" for "http://monitoring.krakow.pios.gov.pl/dane-pomiarowe/automatyczne/parametr/pm2.5/stacje/202-242-211-1911/dzienny/26.06.2017"
1513170192548	Marionette	DEBUG	Received DOM event "DOMContentLoaded" for "http://monitoring.krakow.pios.gov.pl/dane-pomiarowe/automatyczne/parametr/pm2.5/stacje/202-242-211-1911/dzienny/27.06.2017"
1513170192850	Marionette	DEBUG	Received DOM event "pageshow" for "http://monitoring.krakow.pios.gov.pl/dane-pomiarowe/automatyczne/parametr/pm2.5/stacje/202-242-211-1911/dzienny/27.06.2017"
1513170195231	Marionette	DEBUG	Canceled page load listener because no navigation has been detected
1513170195257	Marionette	DEBUG	Received DOM event "beforeunload" for "http://monitoring.krakow.pios.gov.pl/dane-pomiarowe/automatyczne/parametr/pm2.5/stacje/202-242-211-1911/dzienny/27.06.2017"
1513170195996	Marionette	DEBUG	Received DOM event "pagehide" for "http://monitoring.krakow.pios.gov.pl/dane-pomiarowe/automatyczne/parametr/pm2.5/stacje/202-242-211-1911/dzienny/27.06.2017"
1513170195997	Marionette	DEBUG	Received DOM event "unload" for "http://monitoring.krakow.pios.gov.pl/dane-pomiarowe/automatyczne/parametr/pm2.5/stacje/202-242-211-1911/dzienny/27.06.2017"
1513170197424	Marionette	DEBUG	Received DOM event "DOMContentLoaded" for "http://monitoring.krakow.pios.gov.pl/dane-pomiarowe/automatyczne/parametr/pm2.5/stacje/202-242-211-1911/dzienny/28.06.2017"
1513170197781	Marionette	DEBUG	Received DOM event "pageshow" for "http://monitoring.krakow.pios.gov.pl/dane-pomiarowe/automatyczne/parametr/pm2.5/stacje/202-242-211-1911/dzienny/28.06.2017"
1513170200114	Marionette	DEBUG	Canceled page load listener because no navigation has been detected
1513170200180	Marionette	DEBUG	Received DOM event "beforeunload" for "http://monitoring.krakow.pios.gov.pl/dane-pomiarowe/automatyczne/parametr/pm2.5/stacje/202-242-211-1911/dzienny/28.06.2017"
1513170200813	Marionette	DEBUG	Received DOM event "pagehide" for "http://monitoring.krakow.pios.gov.pl/dane-pomiarowe/automatyczne/parametr/pm2.5/stacje/202-242-211-1911/dzienny/28.06.2017"
1513170200814	Marionette	DEBUG	Received DOM event "unload" for "http://monitoring.krakow.pios.gov.pl/dane-pomiarowe/automatyczne/parametr/pm2.5/stacje/202-242-211-1911/dzienny/28.06.2017"
1513170201835	Marionette	DEBUG	Received DOM event "DOMContentLoaded" for "http://monitoring.krakow.pios.gov.pl/dane-pomiarowe/automatyczne/parametr/pm2.5/stacje/202-242-211-1911/dzienny/29.06.2017"
1513170202442	Marionette	DEBUG	Received DOM event "pageshow" for "http://monitoring.krakow.pios.gov.pl/dane-pomiarowe/automatyczne/parametr/pm2.5/stacje/202-242-211-1911/dzienny/29.06.2017"
